<?xml version="1.0" encoding="UTF-8"?>
<testsuite name="com.soobinhand.web.HelloControllerTest" tests="2" skipped="0" failures="0" errors="0" timestamp="2021-08-23T08:13:01" hostname="DESKTOP-LNLKFAP" time="0.291">
  <properties/>
  <testcase name="hello가_리턴된다" classname="com.soobinhand.web.HelloControllerTest" time="0.218"/>
  <testcase name="helloDto가_리턴된다" classname="com.soobinhand.web.HelloControllerTest" time="0.073"/>
  <system-out><![CDATA[17:12:58.723 [Test worker] DEBUG org.springframework.test.context.junit4.SpringJUnit4ClassRunner - SpringJUnit4ClassRunner constructor called with [class com.soobinhand.web.HelloControllerTest]
17:12:58.729 [Test worker] DEBUG org.springframework.test.context.BootstrapUtils - Instantiating CacheAwareContextLoaderDelegate from class [org.springframework.test.context.cache.DefaultCacheAwareContextLoaderDelegate]
17:12:58.737 [Test worker] DEBUG org.springframework.test.context.BootstrapUtils - Instantiating BootstrapContext using constructor [public org.springframework.test.context.support.DefaultBootstrapContext(java.lang.Class,org.springframework.test.context.CacheAwareContextLoaderDelegate)]
17:12:58.753 [Test worker] DEBUG org.springframework.test.context.BootstrapUtils - Instantiating TestContextBootstrapper for test class [com.soobinhand.web.HelloControllerTest] from class [org.springframework.boot.test.autoconfigure.web.servlet.WebMvcTestContextBootstrapper]
17:12:58.770 [Test worker] INFO org.springframework.boot.test.autoconfigure.web.servlet.WebMvcTestContextBootstrapper - Neither @ContextConfiguration nor @ContextHierarchy found for test class [com.soobinhand.web.HelloControllerTest], using SpringBootContextLoader
17:12:58.773 [Test worker] DEBUG org.springframework.test.context.support.AbstractContextLoader - Did not detect default resource location for test class [com.soobinhand.web.HelloControllerTest]: class path resource [com/soobinhand/web/HelloControllerTest-context.xml] does not exist
17:12:58.774 [Test worker] DEBUG org.springframework.test.context.support.AbstractContextLoader - Did not detect default resource location for test class [com.soobinhand.web.HelloControllerTest]: class path resource [com/soobinhand/web/HelloControllerTestContext.groovy] does not exist
17:12:58.774 [Test worker] INFO org.springframework.test.context.support.AbstractContextLoader - Could not detect default resource locations for test class [com.soobinhand.web.HelloControllerTest]: no resource found for suffixes {-context.xml, Context.groovy}.
17:12:58.775 [Test worker] INFO org.springframework.test.context.support.AnnotationConfigContextLoaderUtils - Could not detect default configuration classes for test class [com.soobinhand.web.HelloControllerTest]: HelloControllerTest does not declare any static, non-private, non-final, nested classes annotated with @Configuration.
17:12:58.833 [Test worker] DEBUG org.springframework.test.context.support.ActiveProfilesUtils - Could not find an 'annotation declaring class' for annotation type [org.springframework.test.context.ActiveProfiles] and class [com.soobinhand.web.HelloControllerTest]
17:12:58.901 [Test worker] DEBUG org.springframework.context.annotation.ClassPathScanningCandidateComponentProvider - Identified candidate component class: file [C:\Users\chels\IdeaProjects\springboot_and_aws_soobinhand\build\classes\java\main\com\soobinhand\Application.class]
17:12:58.902 [Test worker] INFO org.springframework.boot.test.context.SpringBootTestContextBootstrapper - Found @SpringBootConfiguration com.soobinhand.Application for test class com.soobinhand.web.HelloControllerTest
17:12:58.904 [Test worker] DEBUG org.springframework.boot.test.autoconfigure.web.servlet.WebMvcTestContextBootstrapper - @TestExecutionListeners is not present for class [com.soobinhand.web.HelloControllerTest]: using defaults.
17:12:58.904 [Test worker] INFO org.springframework.boot.test.autoconfigure.web.servlet.WebMvcTestContextBootstrapper - Loaded default TestExecutionListener class names from location [META-INF/spring.factories]: [org.springframework.security.test.context.support.WithSecurityContextTestExecutionListener, org.springframework.security.test.context.support.ReactorContextTestExecutionListener, org.springframework.boot.test.autoconfigure.restdocs.RestDocsTestExecutionListener, org.springframework.boot.test.autoconfigure.web.client.MockRestServiceServerResetTestExecutionListener, org.springframework.boot.test.autoconfigure.web.servlet.MockMvcPrintOnlyOnFailureTestExecutionListener, org.springframework.boot.test.autoconfigure.web.servlet.WebDriverTestExecutionListener, org.springframework.boot.test.mock.mockito.MockitoTestExecutionListener, org.springframework.boot.test.mock.mockito.ResetMocksTestExecutionListener, org.springframework.test.context.web.ServletTestExecutionListener, org.springframework.test.context.support.DirtiesContextBeforeModesTestExecutionListener, org.springframework.test.context.support.DependencyInjectionTestExecutionListener, org.springframework.test.context.support.DirtiesContextTestExecutionListener, org.springframework.test.context.transaction.TransactionalTestExecutionListener, org.springframework.test.context.jdbc.SqlScriptsTestExecutionListener]
17:12:58.927 [Test worker] INFO org.springframework.boot.test.autoconfigure.web.servlet.WebMvcTestContextBootstrapper - Using TestExecutionListeners: [org.springframework.test.context.web.ServletTestExecutionListener@1e6af6bb, org.springframework.test.context.support.DirtiesContextBeforeModesTestExecutionListener@4594d892, org.springframework.boot.test.mock.mockito.MockitoTestExecutionListener@7166a41, org.springframework.boot.test.autoconfigure.SpringBootDependencyInjectionTestExecutionListener@96bc3a4, org.springframework.test.context.support.DirtiesContextTestExecutionListener@407d231c, org.springframework.test.context.transaction.TransactionalTestExecutionListener@234e33c9, org.springframework.test.context.jdbc.SqlScriptsTestExecutionListener@173e1183, org.springframework.security.test.context.support.WithSecurityContextTestExecutionListener@409f8623, org.springframework.security.test.context.support.ReactorContextTestExecutionListener@695338ef, org.springframework.boot.test.autoconfigure.restdocs.RestDocsTestExecutionListener@3bd19e77, org.springframework.boot.test.autoconfigure.web.client.MockRestServiceServerResetTestExecutionListener@5c842287, org.springframework.boot.test.autoconfigure.web.servlet.MockMvcPrintOnlyOnFailureTestExecutionListener@601609aa, org.springframework.boot.test.autoconfigure.web.servlet.WebDriverTestExecutionListener@1072c107, org.springframework.boot.test.mock.mockito.ResetMocksTestExecutionListener@27e7c758]
17:12:58.929 [Test worker] DEBUG org.springframework.test.annotation.ProfileValueUtils - Retrieved @ProfileValueSourceConfiguration [null] for test class [com.soobinhand.web.HelloControllerTest]
17:12:58.930 [Test worker] DEBUG org.springframework.test.annotation.ProfileValueUtils - Retrieved ProfileValueSource type [class org.springframework.test.annotation.SystemProfileValueSource] for class [com.soobinhand.web.HelloControllerTest]
17:12:58.930 [Test worker] DEBUG org.springframework.test.annotation.ProfileValueUtils - Retrieved @ProfileValueSourceConfiguration [null] for test class [com.soobinhand.web.HelloControllerTest]
17:12:58.931 [Test worker] DEBUG org.springframework.test.annotation.ProfileValueUtils - Retrieved ProfileValueSource type [class org.springframework.test.annotation.SystemProfileValueSource] for class [com.soobinhand.web.HelloControllerTest]
17:12:58.935 [Test worker] DEBUG org.springframework.test.context.support.AbstractDirtiesContextTestExecutionListener - Before test class: context [DefaultTestContext@5181ea81 testClass = HelloControllerTest, testInstance = [null], testMethod = [null], testException = [null], mergedContextConfiguration = [WebMergedContextConfiguration@3e05c317 testClass = HelloControllerTest, locations = '{}', classes = '{class com.soobinhand.Application}', contextInitializerClasses = '[]', activeProfiles = '{}', propertySourceLocations = '{}', propertySourceProperties = '{org.springframework.boot.test.autoconfigure.web.servlet.WebMvcTestContextBootstrapper=true}', contextCustomizers = set[org.springframework.boot.test.autoconfigure.OverrideAutoConfigurationContextCustomizerFactory$DisableAutoConfigurationContextCustomizer@2c8f584, org.springframework.boot.test.autoconfigure.filter.TypeExcludeFiltersContextCustomizer@35a4bc89, org.springframework.boot.test.autoconfigure.properties.PropertyMappingContextCustomizer@b0937df1, org.springframework.boot.test.autoconfigure.web.servlet.WebDriverContextCustomizerFactory$Customizer@6a98cccf, [ImportsContextCustomizer@4b3bd81a key = [org.springframework.boot.autoconfigure.cache.CacheAutoConfiguration, org.springframework.boot.autoconfigure.context.MessageSourceAutoConfiguration, org.springframework.boot.autoconfigure.data.web.SpringDataWebAutoConfiguration, org.springframework.boot.autoconfigure.freemarker.FreeMarkerAutoConfiguration, org.springframework.boot.autoconfigure.groovy.template.GroovyTemplateAutoConfiguration, org.springframework.boot.autoconfigure.gson.GsonAutoConfiguration, org.springframework.boot.autoconfigure.hateoas.HypermediaAutoConfiguration, org.springframework.boot.autoconfigure.http.HttpMessageConvertersAutoConfiguration, org.springframework.boot.autoconfigure.jackson.JacksonAutoConfiguration, org.springframework.boot.autoconfigure.jsonb.JsonbAutoConfiguration, org.springframework.boot.autoconfigure.mustache.MustacheAutoConfiguration, org.springframework.boot.autoconfigure.task.TaskExecutionAutoConfiguration, org.springframework.boot.autoconfigure.thymeleaf.ThymeleafAutoConfiguration, org.springframework.boot.autoconfigure.validation.ValidationAutoConfiguration, org.springframework.boot.autoconfigure.web.servlet.error.ErrorMvcAutoConfiguration, org.springframework.boot.autoconfigure.web.servlet.WebMvcAutoConfiguration, org.springframework.boot.test.autoconfigure.web.servlet.MockMvcAutoConfiguration, org.springframework.boot.test.autoconfigure.web.servlet.MockMvcSecurityAutoConfiguration, org.springframework.boot.test.autoconfigure.web.servlet.MockMvcWebClientAutoConfiguration, org.springframework.boot.test.autoconfigure.web.servlet.MockMvcWebDriverAutoConfiguration]], org.springframework.boot.test.context.filter.ExcludeFilterContextCustomizer@1643c90f, org.springframework.boot.test.json.DuplicateJsonObjectContextCustomizerFactory$DuplicateJsonObjectContextCustomizer@1f514750, org.springframework.boot.test.mock.mockito.MockitoContextCustomizer@0], resourceBasePath = 'src/main/webapp', contextLoader = 'org.springframework.boot.test.context.SpringBootContextLoader', parent = [null]], attributes = map[[empty]]], class annotated with @DirtiesContext [false] with mode [null].
17:12:58.936 [Test worker] DEBUG org.springframework.test.annotation.ProfileValueUtils - Retrieved @ProfileValueSourceConfiguration [null] for test class [com.soobinhand.web.HelloControllerTest]
17:12:58.936 [Test worker] DEBUG org.springframework.test.annotation.ProfileValueUtils - Retrieved ProfileValueSource type [class org.springframework.test.annotation.SystemProfileValueSource] for class [com.soobinhand.web.HelloControllerTest]
17:12:58.940 [Test worker] DEBUG org.springframework.test.context.support.DependencyInjectionTestExecutionListener - Performing dependency injection for test context [[DefaultTestContext@5181ea81 testClass = HelloControllerTest, testInstance = com.soobinhand.web.HelloControllerTest@609f9492, testMethod = [null], testException = [null], mergedContextConfiguration = [WebMergedContextConfiguration@3e05c317 testClass = HelloControllerTest, locations = '{}', classes = '{class com.soobinhand.Application}', contextInitializerClasses = '[]', activeProfiles = '{}', propertySourceLocations = '{}', propertySourceProperties = '{org.springframework.boot.test.autoconfigure.web.servlet.WebMvcTestContextBootstrapper=true}', contextCustomizers = set[org.springframework.boot.test.autoconfigure.OverrideAutoConfigurationContextCustomizerFactory$DisableAutoConfigurationContextCustomizer@2c8f584, org.springframework.boot.test.autoconfigure.filter.TypeExcludeFiltersContextCustomizer@35a4bc89, org.springframework.boot.test.autoconfigure.properties.PropertyMappingContextCustomizer@b0937df1, org.springframework.boot.test.autoconfigure.web.servlet.WebDriverContextCustomizerFactory$Customizer@6a98cccf, [ImportsContextCustomizer@4b3bd81a key = [org.springframework.boot.autoconfigure.cache.CacheAutoConfiguration, org.springframework.boot.autoconfigure.context.MessageSourceAutoConfiguration, org.springframework.boot.autoconfigure.data.web.SpringDataWebAutoConfiguration, org.springframework.boot.autoconfigure.freemarker.FreeMarkerAutoConfiguration, org.springframework.boot.autoconfigure.groovy.template.GroovyTemplateAutoConfiguration, org.springframework.boot.autoconfigure.gson.GsonAutoConfiguration, org.springframework.boot.autoconfigure.hateoas.HypermediaAutoConfiguration, org.springframework.boot.autoconfigure.http.HttpMessageConvertersAutoConfiguration, org.springframework.boot.autoconfigure.jackson.JacksonAutoConfiguration, org.springframework.boot.autoconfigure.jsonb.JsonbAutoConfiguration, org.springframework.boot.autoconfigure.mustache.MustacheAutoConfiguration, org.springframework.boot.autoconfigure.task.TaskExecutionAutoConfiguration, org.springframework.boot.autoconfigure.thymeleaf.ThymeleafAutoConfiguration, org.springframework.boot.autoconfigure.validation.ValidationAutoConfiguration, org.springframework.boot.autoconfigure.web.servlet.error.ErrorMvcAutoConfiguration, org.springframework.boot.autoconfigure.web.servlet.WebMvcAutoConfiguration, org.springframework.boot.test.autoconfigure.web.servlet.MockMvcAutoConfiguration, org.springframework.boot.test.autoconfigure.web.servlet.MockMvcSecurityAutoConfiguration, org.springframework.boot.test.autoconfigure.web.servlet.MockMvcWebClientAutoConfiguration, org.springframework.boot.test.autoconfigure.web.servlet.MockMvcWebDriverAutoConfiguration]], org.springframework.boot.test.context.filter.ExcludeFilterContextCustomizer@1643c90f, org.springframework.boot.test.json.DuplicateJsonObjectContextCustomizerFactory$DuplicateJsonObjectContextCustomizer@1f514750, org.springframework.boot.test.mock.mockito.MockitoContextCustomizer@0], resourceBasePath = 'src/main/webapp', contextLoader = 'org.springframework.boot.test.context.SpringBootContextLoader', parent = [null]], attributes = map[[empty]]]].
17:12:59.052 [Test worker] DEBUG org.springframework.test.context.support.TestPropertySourceUtils - Adding inlined properties to environment: {spring.jmx.enabled=false, org.springframework.boot.test.autoconfigure.web.servlet.WebMvcTestContextBootstrapper=true, server.port=-1}

  .   ____          _            __ _ _
 /\\ / ___'_ __ _ _(_)_ __  __ _ \ \ \ \
( ( )\___ | '_ | '_| | '_ \/ _` | \ \ \ \
 \\/  ___)| |_)| | | | | || (_| |  ) ) ) )
  '  |____| .__|_| |_|_| |_\__, | / / / /
 =========|_|==============|___/=/_/_/_/
 :: Spring Boot ::        (v2.1.7.RELEASE)

2021-08-23 17:12:59.282  INFO 17124 --- [    Test worker] com.soobinhand.web.HelloControllerTest   : Starting HelloControllerTest on DESKTOP-LNLKFAP with PID 17124 (started by chels in C:\Users\chels\IdeaProjects\springboot_and_aws_soobinhand)
2021-08-23 17:12:59.284  INFO 17124 --- [    Test worker] com.soobinhand.web.HelloControllerTest   : No active profile set, falling back to default profiles: default
2021-08-23 17:13:00.435  INFO 17124 --- [    Test worker] o.s.s.concurrent.ThreadPoolTaskExecutor  : Initializing ExecutorService 'applicationTaskExecutor'
2021-08-23 17:13:00.516  INFO 17124 --- [    Test worker] o.s.b.a.w.s.WelcomePageHandlerMapping    : Adding welcome page template: index
2021-08-23 17:13:00.843  INFO 17124 --- [    Test worker] .s.s.UserDetailsServiceAutoConfiguration : 

Using generated security password: 8caa7ca3-ff22-4d89-9dda-bf9243527f06

2021-08-23 17:13:01.091  INFO 17124 --- [    Test worker] o.s.s.web.DefaultSecurityFilterChain     : Creating filter chain: any request, [org.springframework.security.web.context.request.async.WebAsyncManagerIntegrationFilter@26809628, org.springframework.security.web.context.SecurityContextPersistenceFilter@62443e2c, org.springframework.security.web.header.HeaderWriterFilter@5e9ffa0e, org.springframework.security.web.csrf.CsrfFilter@187fdd24, org.springframework.security.web.authentication.logout.LogoutFilter@13ac3f94, org.springframework.security.web.authentication.UsernamePasswordAuthenticationFilter@5373eeb9, org.springframework.security.web.authentication.ui.DefaultLoginPageGeneratingFilter@357fbb0f, org.springframework.security.web.authentication.ui.DefaultLogoutPageGeneratingFilter@1ed11d06, org.springframework.security.web.authentication.www.BasicAuthenticationFilter@558f9d9b, org.springframework.security.web.savedrequest.RequestCacheAwareFilter@685300d5, org.springframework.security.web.servletapi.SecurityContextHolderAwareRequestFilter@2d1af31f, org.springframework.security.web.authentication.AnonymousAuthenticationFilter@21b47767, org.springframework.security.web.session.SessionManagementFilter@78617a4e, org.springframework.security.web.access.ExceptionTranslationFilter@3358d3f, org.springframework.security.web.access.intercept.FilterSecurityInterceptor@66d462df]
2021-08-23 17:13:01.136  INFO 17124 --- [    Test worker] o.s.b.t.m.w.SpringBootMockServletContext : Initializing Spring TestDispatcherServlet ''
2021-08-23 17:13:01.136  INFO 17124 --- [    Test worker] o.s.t.web.servlet.TestDispatcherServlet  : Initializing Servlet ''
2021-08-23 17:13:01.151  INFO 17124 --- [    Test worker] o.s.t.web.servlet.TestDispatcherServlet  : Completed initialization in 15 ms
2021-08-23 17:13:01.191  INFO 17124 --- [    Test worker] com.soobinhand.web.HelloControllerTest   : Started HelloControllerTest in 2.132 seconds (JVM running for 3.138)
]]></system-out>
  <system-err><![CDATA[]]></system-err>
</testsuite>
