<?xml version="1.0" encoding="UTF-8"?>
<testsuite name="com.soobinhand.web.PostsApiControllerTest" tests="2" skipped="0" failures="0" errors="0" timestamp="2021-08-24T09:02:37" hostname="DESKTOP-LNLKFAP" time="0.085">
  <properties/>
  <testcase name="Posts_등록된다" classname="com.soobinhand.web.PostsApiControllerTest" time="0.058"/>
  <testcase name="Posts_수정된다" classname="com.soobinhand.web.PostsApiControllerTest" time="0.026"/>
  <system-out><![CDATA[2021-08-24 18:02:37.774  INFO 9860 --- [    Test worker] .b.t.c.SpringBootTestContextBootstrapper : Neither @ContextConfiguration nor @ContextHierarchy found for test class [com.soobinhand.web.PostsApiControllerTest], using SpringBootContextLoader
2021-08-24 18:02:37.775  INFO 9860 --- [    Test worker] o.s.t.c.support.AbstractContextLoader    : Could not detect default resource locations for test class [com.soobinhand.web.PostsApiControllerTest]: no resource found for suffixes {-context.xml, Context.groovy}.
2021-08-24 18:02:37.776  INFO 9860 --- [    Test worker] t.c.s.AnnotationConfigContextLoaderUtils : Could not detect default configuration classes for test class [com.soobinhand.web.PostsApiControllerTest]: PostsApiControllerTest does not declare any static, non-private, non-final, nested classes annotated with @Configuration.
2021-08-24 18:02:37.778  INFO 9860 --- [    Test worker] .b.t.c.SpringBootTestContextBootstrapper : Found @SpringBootConfiguration com.soobinhand.Application for test class com.soobinhand.web.PostsApiControllerTest
2021-08-24 18:02:37.779  INFO 9860 --- [    Test worker] .b.t.c.SpringBootTestContextBootstrapper : Loaded default TestExecutionListener class names from location [META-INF/spring.factories]: [org.springframework.security.test.context.support.WithSecurityContextTestExecutionListener, org.springframework.security.test.context.support.ReactorContextTestExecutionListener, org.springframework.boot.test.autoconfigure.restdocs.RestDocsTestExecutionListener, org.springframework.boot.test.autoconfigure.web.client.MockRestServiceServerResetTestExecutionListener, org.springframework.boot.test.autoconfigure.web.servlet.MockMvcPrintOnlyOnFailureTestExecutionListener, org.springframework.boot.test.autoconfigure.web.servlet.WebDriverTestExecutionListener, org.springframework.boot.test.mock.mockito.MockitoTestExecutionListener, org.springframework.boot.test.mock.mockito.ResetMocksTestExecutionListener, org.springframework.test.context.web.ServletTestExecutionListener, org.springframework.test.context.support.DirtiesContextBeforeModesTestExecutionListener, org.springframework.test.context.support.DependencyInjectionTestExecutionListener, org.springframework.test.context.support.DirtiesContextTestExecutionListener, org.springframework.test.context.transaction.TransactionalTestExecutionListener, org.springframework.test.context.jdbc.SqlScriptsTestExecutionListener]
2021-08-24 18:02:37.781  INFO 9860 --- [    Test worker] .b.t.c.SpringBootTestContextBootstrapper : Using TestExecutionListeners: [org.springframework.test.context.web.ServletTestExecutionListener@45c5c6ba, org.springframework.test.context.support.DirtiesContextBeforeModesTestExecutionListener@778e45e3, org.springframework.boot.test.mock.mockito.MockitoTestExecutionListener@5e02f246, org.springframework.boot.test.autoconfigure.SpringBootDependencyInjectionTestExecutionListener@44112188, org.springframework.test.context.support.DirtiesContextTestExecutionListener@2f8adfa6, org.springframework.test.context.transaction.TransactionalTestExecutionListener@2a2e36e9, org.springframework.test.context.jdbc.SqlScriptsTestExecutionListener@63f77128, org.springframework.security.test.context.support.WithSecurityContextTestExecutionListener@2ea711bf, org.springframework.security.test.context.support.ReactorContextTestExecutionListener@57299c22, org.springframework.boot.test.autoconfigure.restdocs.RestDocsTestExecutionListener@c6b7150, org.springframework.boot.test.autoconfigure.web.client.MockRestServiceServerResetTestExecutionListener@544d2fc4, org.springframework.boot.test.autoconfigure.web.servlet.MockMvcPrintOnlyOnFailureTestExecutionListener@42f1f61b, org.springframework.boot.test.autoconfigure.web.servlet.WebDriverTestExecutionListener@5922baeb, org.springframework.boot.test.mock.mockito.ResetMocksTestExecutionListener@e14a16e]
2021-08-24 18:02:37.790  INFO 9860 --- [    Test worker] o.a.c.c.C.[Tomcat].[localhost].[/]       : Initializing Spring TestDispatcherServlet ''
2021-08-24 18:02:37.790  INFO 9860 --- [    Test worker] o.s.t.web.servlet.TestDispatcherServlet  : Initializing Servlet ''
2021-08-24 18:02:37.792  INFO 9860 --- [    Test worker] o.s.t.web.servlet.TestDispatcherServlet  : Completed initialization in 2 ms
Hibernate: insert into posts (created_date, modified_date, author, content, title) values (?, ?, ?, ?, ?)
Hibernate: select posts0_.id as id1_0_, posts0_.created_date as created_2_0_, posts0_.modified_date as modified3_0_, posts0_.author as author4_0_, posts0_.content as content5_0_, posts0_.title as title6_0_ from posts posts0_
Hibernate: select posts0_.id as id1_0_, posts0_.created_date as created_2_0_, posts0_.modified_date as modified3_0_, posts0_.author as author4_0_, posts0_.content as content5_0_, posts0_.title as title6_0_ from posts posts0_
Hibernate: delete from posts where id=?
2021-08-24 18:02:37.845  INFO 9860 --- [    Test worker] o.a.c.c.C.[Tomcat].[localhost].[/]       : Initializing Spring TestDispatcherServlet ''
2021-08-24 18:02:37.845  INFO 9860 --- [    Test worker] o.s.t.web.servlet.TestDispatcherServlet  : Initializing Servlet ''
2021-08-24 18:02:37.847  INFO 9860 --- [    Test worker] o.s.t.web.servlet.TestDispatcherServlet  : Completed initialization in 2 ms
Hibernate: insert into posts (created_date, modified_date, author, content, title) values (?, ?, ?, ?, ?)
Hibernate: select posts0_.id as id1_0_0_, posts0_.created_date as created_2_0_0_, posts0_.modified_date as modified3_0_0_, posts0_.author as author4_0_0_, posts0_.content as content5_0_0_, posts0_.title as title6_0_0_ from posts posts0_ where posts0_.id=?
Hibernate: update posts set created_date=?, modified_date=?, author=?, content=?, title=? where id=?
Hibernate: select posts0_.id as id1_0_, posts0_.created_date as created_2_0_, posts0_.modified_date as modified3_0_, posts0_.author as author4_0_, posts0_.content as content5_0_, posts0_.title as title6_0_ from posts posts0_
Hibernate: select posts0_.id as id1_0_, posts0_.created_date as created_2_0_, posts0_.modified_date as modified3_0_, posts0_.author as author4_0_, posts0_.content as content5_0_, posts0_.title as title6_0_ from posts posts0_
Hibernate: delete from posts where id=?
]]></system-out>
  <system-err><![CDATA[]]></system-err>
</testsuite>
