<?xml version="1.0" encoding="UTF-8"?>
<testsuite name="com.soobinhand.web.HelloControllerTest" tests="2" skipped="0" failures="0" errors="0" timestamp="2021-08-24T09:02:35" hostname="DESKTOP-LNLKFAP" time="0.116">
  <properties/>
  <testcase name="hello가_리턴된다" classname="com.soobinhand.web.HelloControllerTest" time="0.052"/>
  <testcase name="helloDto가_리턴된다" classname="com.soobinhand.web.HelloControllerTest" time="0.064"/>
  <system-out><![CDATA[2021-08-24 18:02:34.957  INFO 9860 --- [    Test worker] .b.t.a.w.s.WebMvcTestContextBootstrapper : Neither @ContextConfiguration nor @ContextHierarchy found for test class [com.soobinhand.web.HelloControllerTest], using SpringBootContextLoader
2021-08-24 18:02:34.958  INFO 9860 --- [    Test worker] o.s.t.c.support.AbstractContextLoader    : Could not detect default resource locations for test class [com.soobinhand.web.HelloControllerTest]: no resource found for suffixes {-context.xml, Context.groovy}.
2021-08-24 18:02:34.958  INFO 9860 --- [    Test worker] t.c.s.AnnotationConfigContextLoaderUtils : Could not detect default configuration classes for test class [com.soobinhand.web.HelloControllerTest]: HelloControllerTest does not declare any static, non-private, non-final, nested classes annotated with @Configuration.
2021-08-24 18:02:34.976  INFO 9860 --- [    Test worker] .b.t.c.SpringBootTestContextBootstrapper : Found @SpringBootConfiguration com.soobinhand.Application for test class com.soobinhand.web.HelloControllerTest
2021-08-24 18:02:34.976  INFO 9860 --- [    Test worker] .b.t.a.w.s.WebMvcTestContextBootstrapper : Loaded default TestExecutionListener class names from location [META-INF/spring.factories]: [org.springframework.security.test.context.support.WithSecurityContextTestExecutionListener, org.springframework.security.test.context.support.ReactorContextTestExecutionListener, org.springframework.boot.test.autoconfigure.restdocs.RestDocsTestExecutionListener, org.springframework.boot.test.autoconfigure.web.client.MockRestServiceServerResetTestExecutionListener, org.springframework.boot.test.autoconfigure.web.servlet.MockMvcPrintOnlyOnFailureTestExecutionListener, org.springframework.boot.test.autoconfigure.web.servlet.WebDriverTestExecutionListener, org.springframework.boot.test.mock.mockito.MockitoTestExecutionListener, org.springframework.boot.test.mock.mockito.ResetMocksTestExecutionListener, org.springframework.test.context.web.ServletTestExecutionListener, org.springframework.test.context.support.DirtiesContextBeforeModesTestExecutionListener, org.springframework.test.context.support.DependencyInjectionTestExecutionListener, org.springframework.test.context.support.DirtiesContextTestExecutionListener, org.springframework.test.context.transaction.TransactionalTestExecutionListener, org.springframework.test.context.jdbc.SqlScriptsTestExecutionListener]
2021-08-24 18:02:34.977  INFO 9860 --- [    Test worker] .b.t.a.w.s.WebMvcTestContextBootstrapper : Using TestExecutionListeners: [org.springframework.test.context.web.ServletTestExecutionListener@6925f8ed, org.springframework.test.context.support.DirtiesContextBeforeModesTestExecutionListener@721f2700, org.springframework.boot.test.mock.mockito.MockitoTestExecutionListener@8fec4aa, org.springframework.boot.test.autoconfigure.SpringBootDependencyInjectionTestExecutionListener@387ec535, org.springframework.test.context.support.DirtiesContextTestExecutionListener@7e5ab047, org.springframework.test.context.transaction.TransactionalTestExecutionListener@75f6afab, org.springframework.test.context.jdbc.SqlScriptsTestExecutionListener@bd3ee2b, org.springframework.security.test.context.support.WithSecurityContextTestExecutionListener@454ac509, org.springframework.security.test.context.support.ReactorContextTestExecutionListener@6eb99d6f, org.springframework.boot.test.autoconfigure.restdocs.RestDocsTestExecutionListener@2ef2ece4, org.springframework.boot.test.autoconfigure.web.client.MockRestServiceServerResetTestExecutionListener@3a44eda7, org.springframework.boot.test.autoconfigure.web.servlet.MockMvcPrintOnlyOnFailureTestExecutionListener@2935156b, org.springframework.boot.test.autoconfigure.web.servlet.WebDriverTestExecutionListener@bc5b7c7, org.springframework.boot.test.mock.mockito.ResetMocksTestExecutionListener@3269ef97]

  .   ____          _            __ _ _
 /\\ / ___'_ __ _ _(_)_ __  __ _ \ \ \ \
( ( )\___ | '_ | '_| | '_ \/ _` | \ \ \ \
 \\/  ___)| |_)| | | | | || (_| |  ) ) ) )
  '  |____| .__|_| |_|_| |_\__, | / / / /
 =========|_|==============|___/=/_/_/_/
 :: Spring Boot ::        (v2.1.7.RELEASE)

2021-08-24 18:02:35.010  INFO 9860 --- [    Test worker] com.soobinhand.web.HelloControllerTest   : Starting HelloControllerTest on DESKTOP-LNLKFAP with PID 9860 (started by chels in C:\Users\chels\IdeaProjects\springboot_and_aws_soobinhand)
2021-08-24 18:02:35.011  INFO 9860 --- [    Test worker] com.soobinhand.web.HelloControllerTest   : No active profile set, falling back to default profiles: default
2021-08-24 18:02:35.354  INFO 9860 --- [    Test worker] o.s.s.concurrent.ThreadPoolTaskExecutor  : Initializing ExecutorService 'applicationTaskExecutor'
2021-08-24 18:02:35.380  INFO 9860 --- [    Test worker] o.s.b.a.w.s.WelcomePageHandlerMapping    : Adding welcome page template: index
2021-08-24 18:02:35.555  INFO 9860 --- [    Test worker] .s.s.UserDetailsServiceAutoConfiguration : 

Using generated security password: d6361345-d67b-4650-8192-50b7261954f6

2021-08-24 18:02:35.667  INFO 9860 --- [    Test worker] o.s.s.web.DefaultSecurityFilterChain     : Creating filter chain: any request, [org.springframework.security.web.context.request.async.WebAsyncManagerIntegrationFilter@4f37109c, org.springframework.security.web.context.SecurityContextPersistenceFilter@674203a7, org.springframework.security.web.header.HeaderWriterFilter@275a7092, org.springframework.security.web.csrf.CsrfFilter@cbd445f, org.springframework.security.web.authentication.logout.LogoutFilter@2e5ba72f, org.springframework.security.web.authentication.UsernamePasswordAuthenticationFilter@50726948, org.springframework.security.web.authentication.ui.DefaultLoginPageGeneratingFilter@7c5cdaa4, org.springframework.security.web.authentication.ui.DefaultLogoutPageGeneratingFilter@3de75b2d, org.springframework.security.web.authentication.www.BasicAuthenticationFilter@b1c40da, org.springframework.security.web.savedrequest.RequestCacheAwareFilter@53b2e24e, org.springframework.security.web.servletapi.SecurityContextHolderAwareRequestFilter@2718d64a, org.springframework.security.web.authentication.AnonymousAuthenticationFilter@5414d6db, org.springframework.security.web.session.SessionManagementFilter@41a3479a, org.springframework.security.web.access.ExceptionTranslationFilter@5f8d6928, org.springframework.security.web.access.intercept.FilterSecurityInterceptor@2245b9ab]
2021-08-24 18:02:35.696  INFO 9860 --- [    Test worker] o.s.b.t.m.w.SpringBootMockServletContext : Initializing Spring TestDispatcherServlet ''
2021-08-24 18:02:35.696  INFO 9860 --- [    Test worker] o.s.t.web.servlet.TestDispatcherServlet  : Initializing Servlet ''
2021-08-24 18:02:35.706  INFO 9860 --- [    Test worker] o.s.t.web.servlet.TestDispatcherServlet  : Completed initialization in 10 ms
2021-08-24 18:02:35.727  INFO 9860 --- [    Test worker] com.soobinhand.web.HelloControllerTest   : Started HelloControllerTest in 0.747 seconds (JVM running for 7.153)
]]></system-out>
  <system-err><![CDATA[]]></system-err>
</testsuite>
