<?xml version="1.0" encoding="UTF-8"?>
<testsuite name="com.soobinhand.domain.posts.PostsRepositoryTest" tests="2" skipped="0" failures="0" errors="0" timestamp="2021-08-24T09:02:34" hostname="DESKTOP-LNLKFAP" time="0.231">
  <properties/>
  <testcase name="게시글저장_불러오기" classname="com.soobinhand.domain.posts.PostsRepositoryTest" time="0.224"/>
  <testcase name="BaseTimeEntity_등록" classname="com.soobinhand.domain.posts.PostsRepositoryTest" time="0.007"/>
  <system-out><![CDATA[18:02:29.235 [Test worker] DEBUG org.springframework.test.context.junit4.SpringJUnit4ClassRunner - SpringJUnit4ClassRunner constructor called with [class com.soobinhand.domain.posts.PostsRepositoryTest]
18:02:29.242 [Test worker] DEBUG org.springframework.test.context.BootstrapUtils - Instantiating CacheAwareContextLoaderDelegate from class [org.springframework.test.context.cache.DefaultCacheAwareContextLoaderDelegate]
18:02:29.250 [Test worker] DEBUG org.springframework.test.context.BootstrapUtils - Instantiating BootstrapContext using constructor [public org.springframework.test.context.support.DefaultBootstrapContext(java.lang.Class,org.springframework.test.context.CacheAwareContextLoaderDelegate)]
18:02:29.266 [Test worker] DEBUG org.springframework.test.context.BootstrapUtils - Instantiating TestContextBootstrapper for test class [com.soobinhand.domain.posts.PostsRepositoryTest] from class [org.springframework.boot.test.context.SpringBootTestContextBootstrapper]
18:02:29.281 [Test worker] INFO org.springframework.boot.test.context.SpringBootTestContextBootstrapper - Neither @ContextConfiguration nor @ContextHierarchy found for test class [com.soobinhand.domain.posts.PostsRepositoryTest], using SpringBootContextLoader
18:02:29.284 [Test worker] DEBUG org.springframework.test.context.support.AbstractContextLoader - Did not detect default resource location for test class [com.soobinhand.domain.posts.PostsRepositoryTest]: class path resource [com/soobinhand/domain/posts/PostsRepositoryTest-context.xml] does not exist
18:02:29.285 [Test worker] DEBUG org.springframework.test.context.support.AbstractContextLoader - Did not detect default resource location for test class [com.soobinhand.domain.posts.PostsRepositoryTest]: class path resource [com/soobinhand/domain/posts/PostsRepositoryTestContext.groovy] does not exist
18:02:29.285 [Test worker] INFO org.springframework.test.context.support.AbstractContextLoader - Could not detect default resource locations for test class [com.soobinhand.domain.posts.PostsRepositoryTest]: no resource found for suffixes {-context.xml, Context.groovy}.
18:02:29.286 [Test worker] INFO org.springframework.test.context.support.AnnotationConfigContextLoaderUtils - Could not detect default configuration classes for test class [com.soobinhand.domain.posts.PostsRepositoryTest]: PostsRepositoryTest does not declare any static, non-private, non-final, nested classes annotated with @Configuration.
18:02:29.322 [Test worker] DEBUG org.springframework.test.context.support.ActiveProfilesUtils - Could not find an 'annotation declaring class' for annotation type [org.springframework.test.context.ActiveProfiles] and class [com.soobinhand.domain.posts.PostsRepositoryTest]
18:02:29.393 [Test worker] DEBUG org.springframework.context.annotation.ClassPathScanningCandidateComponentProvider - Identified candidate component class: file [C:\Users\chels\IdeaProjects\springboot_and_aws_soobinhand\build\classes\java\main\com\soobinhand\Application.class]
18:02:29.394 [Test worker] INFO org.springframework.boot.test.context.SpringBootTestContextBootstrapper - Found @SpringBootConfiguration com.soobinhand.Application for test class com.soobinhand.domain.posts.PostsRepositoryTest
18:02:29.496 [Test worker] DEBUG org.springframework.boot.test.context.SpringBootTestContextBootstrapper - @TestExecutionListeners is not present for class [com.soobinhand.domain.posts.PostsRepositoryTest]: using defaults.
18:02:29.497 [Test worker] INFO org.springframework.boot.test.context.SpringBootTestContextBootstrapper - Loaded default TestExecutionListener class names from location [META-INF/spring.factories]: [org.springframework.security.test.context.support.WithSecurityContextTestExecutionListener, org.springframework.security.test.context.support.ReactorContextTestExecutionListener, org.springframework.boot.test.autoconfigure.restdocs.RestDocsTestExecutionListener, org.springframework.boot.test.autoconfigure.web.client.MockRestServiceServerResetTestExecutionListener, org.springframework.boot.test.autoconfigure.web.servlet.MockMvcPrintOnlyOnFailureTestExecutionListener, org.springframework.boot.test.autoconfigure.web.servlet.WebDriverTestExecutionListener, org.springframework.boot.test.mock.mockito.MockitoTestExecutionListener, org.springframework.boot.test.mock.mockito.ResetMocksTestExecutionListener, org.springframework.test.context.web.ServletTestExecutionListener, org.springframework.test.context.support.DirtiesContextBeforeModesTestExecutionListener, org.springframework.test.context.support.DependencyInjectionTestExecutionListener, org.springframework.test.context.support.DirtiesContextTestExecutionListener, org.springframework.test.context.transaction.TransactionalTestExecutionListener, org.springframework.test.context.jdbc.SqlScriptsTestExecutionListener]
18:02:29.519 [Test worker] INFO org.springframework.boot.test.context.SpringBootTestContextBootstrapper - Using TestExecutionListeners: [org.springframework.test.context.web.ServletTestExecutionListener@69700353, org.springframework.test.context.support.DirtiesContextBeforeModesTestExecutionListener@65224ee5, org.springframework.boot.test.mock.mockito.MockitoTestExecutionListener@7b6401b1, org.springframework.boot.test.autoconfigure.SpringBootDependencyInjectionTestExecutionListener@3c620c0c, org.springframework.test.context.support.DirtiesContextTestExecutionListener@55e1ea48, org.springframework.test.context.transaction.TransactionalTestExecutionListener@22c3d377, org.springframework.test.context.jdbc.SqlScriptsTestExecutionListener@79f13717, org.springframework.security.test.context.support.WithSecurityContextTestExecutionListener@555f5649, org.springframework.security.test.context.support.ReactorContextTestExecutionListener@fb65500, org.springframework.boot.test.autoconfigure.restdocs.RestDocsTestExecutionListener@33d277ea, org.springframework.boot.test.autoconfigure.web.client.MockRestServiceServerResetTestExecutionListener@436ba708, org.springframework.boot.test.autoconfigure.web.servlet.MockMvcPrintOnlyOnFailureTestExecutionListener@6ca95c32, org.springframework.boot.test.autoconfigure.web.servlet.WebDriverTestExecutionListener@518a1af2, org.springframework.boot.test.mock.mockito.ResetMocksTestExecutionListener@71c75a0e]
18:02:29.521 [Test worker] DEBUG org.springframework.test.annotation.ProfileValueUtils - Retrieved @ProfileValueSourceConfiguration [null] for test class [com.soobinhand.domain.posts.PostsRepositoryTest]
18:02:29.522 [Test worker] DEBUG org.springframework.test.annotation.ProfileValueUtils - Retrieved ProfileValueSource type [class org.springframework.test.annotation.SystemProfileValueSource] for class [com.soobinhand.domain.posts.PostsRepositoryTest]
18:02:29.522 [Test worker] DEBUG org.springframework.test.annotation.ProfileValueUtils - Retrieved @ProfileValueSourceConfiguration [null] for test class [com.soobinhand.domain.posts.PostsRepositoryTest]
18:02:29.523 [Test worker] DEBUG org.springframework.test.annotation.ProfileValueUtils - Retrieved ProfileValueSource type [class org.springframework.test.annotation.SystemProfileValueSource] for class [com.soobinhand.domain.posts.PostsRepositoryTest]
18:02:29.526 [Test worker] DEBUG org.springframework.test.context.support.AbstractDirtiesContextTestExecutionListener - Before test class: context [DefaultTestContext@6679b16a testClass = PostsRepositoryTest, testInstance = [null], testMethod = [null], testException = [null], mergedContextConfiguration = [WebMergedContextConfiguration@7f6a1f62 testClass = PostsRepositoryTest, locations = '{}', classes = '{class com.soobinhand.Application}', contextInitializerClasses = '[]', activeProfiles = '{}', propertySourceLocations = '{}', propertySourceProperties = '{org.springframework.boot.test.context.SpringBootTestContextBootstrapper=true}', contextCustomizers = set[org.springframework.boot.test.autoconfigure.properties.PropertyMappingContextCustomizer@0, org.springframework.boot.test.autoconfigure.web.servlet.WebDriverContextCustomizerFactory$Customizer@1f53cd36, org.springframework.boot.test.context.filter.ExcludeFilterContextCustomizer@e9510c8, org.springframework.boot.test.json.DuplicateJsonObjectContextCustomizerFactory$DuplicateJsonObjectContextCustomizer@6bdacfb7, org.springframework.boot.test.mock.mockito.MockitoContextCustomizer@0, org.springframework.boot.test.web.client.TestRestTemplateContextCustomizer@1315ff98], resourceBasePath = 'src/main/webapp', contextLoader = 'org.springframework.boot.test.context.SpringBootContextLoader', parent = [null]], attributes = map['org.springframework.test.context.web.ServletTestExecutionListener.activateListener' -> true]], class annotated with @DirtiesContext [false] with mode [null].
18:02:29.527 [Test worker] DEBUG org.springframework.test.annotation.ProfileValueUtils - Retrieved @ProfileValueSourceConfiguration [null] for test class [com.soobinhand.domain.posts.PostsRepositoryTest]
18:02:29.527 [Test worker] DEBUG org.springframework.test.annotation.ProfileValueUtils - Retrieved ProfileValueSource type [class org.springframework.test.annotation.SystemProfileValueSource] for class [com.soobinhand.domain.posts.PostsRepositoryTest]
18:02:29.549 [Test worker] DEBUG org.springframework.test.context.support.TestPropertySourceUtils - Adding inlined properties to environment: {spring.jmx.enabled=false, org.springframework.boot.test.context.SpringBootTestContextBootstrapper=true, server.port=-1}

  .   ____          _            __ _ _
 /\\ / ___'_ __ _ _(_)_ __  __ _ \ \ \ \
( ( )\___ | '_ | '_| | '_ \/ _` | \ \ \ \
 \\/  ___)| |_)| | | | | || (_| |  ) ) ) )
  '  |____| .__|_| |_|_| |_\__, | / / / /
 =========|_|==============|___/=/_/_/_/
 :: Spring Boot ::        (v2.1.7.RELEASE)

2021-08-24 18:02:29.763  INFO 9860 --- [    Test worker] c.s.domain.posts.PostsRepositoryTest     : Starting PostsRepositoryTest on DESKTOP-LNLKFAP with PID 9860 (started by chels in C:\Users\chels\IdeaProjects\springboot_and_aws_soobinhand)
2021-08-24 18:02:29.764  INFO 9860 --- [    Test worker] c.s.domain.posts.PostsRepositoryTest     : No active profile set, falling back to default profiles: default
2021-08-24 18:02:30.479  INFO 9860 --- [    Test worker] .s.d.r.c.RepositoryConfigurationDelegate : Bootstrapping Spring Data repositories in DEFAULT mode.
2021-08-24 18:02:30.554  INFO 9860 --- [    Test worker] .s.d.r.c.RepositoryConfigurationDelegate : Finished Spring Data repository scanning in 66ms. Found 2 repository interfaces.
2021-08-24 18:02:30.966  INFO 9860 --- [    Test worker] trationDelegate$BeanPostProcessorChecker : Bean 'org.springframework.transaction.annotation.ProxyTransactionManagementConfiguration' of type [org.springframework.transaction.annotation.ProxyTransactionManagementConfiguration$$EnhancerBySpringCGLIB$$571d234d] is not eligible for getting processed by all BeanPostProcessors (for example: not eligible for auto-proxying)
2021-08-24 18:02:31.189  INFO 9860 --- [    Test worker] com.zaxxer.hikari.HikariDataSource       : HikariPool-1 - Starting...
2021-08-24 18:02:31.337  INFO 9860 --- [    Test worker] com.zaxxer.hikari.HikariDataSource       : HikariPool-1 - Start completed.
2021-08-24 18:02:31.419  INFO 9860 --- [    Test worker] o.hibernate.jpa.internal.util.LogHelper  : HHH000204: Processing PersistenceUnitInfo [
	name: default
	...]
2021-08-24 18:02:31.503  INFO 9860 --- [    Test worker] org.hibernate.Version                    : HHH000412: Hibernate Core {5.3.10.Final}
2021-08-24 18:02:31.504  INFO 9860 --- [    Test worker] org.hibernate.cfg.Environment            : HHH000206: hibernate.properties not found
2021-08-24 18:02:31.693  INFO 9860 --- [    Test worker] o.hibernate.annotations.common.Version   : HCANN000001: Hibernate Commons Annotations {5.0.4.Final}
2021-08-24 18:02:31.866  INFO 9860 --- [    Test worker] org.hibernate.dialect.Dialect            : HHH000400: Using dialect: org.hibernate.dialect.MySQL5InnoDBDialect
Hibernate: drop table if exists posts
Hibernate: drop table if exists user
Hibernate: create table posts (id bigint not null auto_increment, created_date datetime, modified_date datetime, author varchar(255), content TEXT not null, title varchar(500) not null, primary key (id)) engine=InnoDB
Hibernate: create table user (id bigint not null auto_increment, created_date datetime, modified_date datetime, email varchar(255) not null, name varchar(255) not null, picture varchar(255), role varchar(255) not null, primary key (id)) engine=InnoDB
2021-08-24 18:02:32.567  INFO 9860 --- [    Test worker] o.h.t.schema.internal.SchemaCreatorImpl  : HHH000476: Executing import script 'org.hibernate.tool.schema.internal.exec.ScriptSourceInputNonExistentImpl@336932bc'
2021-08-24 18:02:32.570  INFO 9860 --- [    Test worker] j.LocalContainerEntityManagerFactoryBean : Initialized JPA EntityManagerFactory for persistence unit 'default'
2021-08-24 18:02:33.081  INFO 9860 --- [    Test worker] o.h.h.i.QueryTranslatorFactoryInitiator  : HHH000397: Using ASTQueryTranslatorFactory
2021-08-24 18:02:33.638  INFO 9860 --- [    Test worker] o.s.s.web.DefaultSecurityFilterChain     : Creating filter chain: any request, [org.springframework.security.web.context.request.async.WebAsyncManagerIntegrationFilter@6f15a231, org.springframework.security.web.context.SecurityContextPersistenceFilter@1b737d8, org.springframework.security.web.header.HeaderWriterFilter@6db887c2, org.springframework.security.web.authentication.logout.LogoutFilter@270a27c7, org.springframework.security.oauth2.client.web.OAuth2AuthorizationRequestRedirectFilter@1f11b583, org.springframework.security.oauth2.client.web.OAuth2LoginAuthenticationFilter@33f90909, org.springframework.security.web.authentication.ui.DefaultLoginPageGeneratingFilter@2be768a7, org.springframework.security.web.authentication.ui.DefaultLogoutPageGeneratingFilter@1afeedb, org.springframework.security.web.savedrequest.RequestCacheAwareFilter@7312328a, org.springframework.security.web.servletapi.SecurityContextHolderAwareRequestFilter@108354ad, org.springframework.security.web.authentication.AnonymousAuthenticationFilter@5ea209b6, org.springframework.security.web.session.SessionManagementFilter@18594b0e, org.springframework.security.web.access.ExceptionTranslationFilter@6f284490, org.springframework.security.web.access.intercept.FilterSecurityInterceptor@75aca916]
2021-08-24 18:02:34.126  INFO 9860 --- [    Test worker] o.s.s.concurrent.ThreadPoolTaskExecutor  : Initializing ExecutorService 'applicationTaskExecutor'
2021-08-24 18:02:34.179  WARN 9860 --- [    Test worker] aWebConfiguration$JpaWebMvcConfiguration : spring.jpa.open-in-view is enabled by default. Therefore, database queries may be performed during view rendering. Explicitly configure spring.jpa.open-in-view to disable this warning
2021-08-24 18:02:34.225  INFO 9860 --- [    Test worker] o.s.b.a.w.s.WelcomePageHandlerMapping    : Adding welcome page template: index
2021-08-24 18:02:34.688  INFO 9860 --- [    Test worker] s.a.ScheduledAnnotationBeanPostProcessor : No TaskScheduler/ScheduledExecutorService bean found for scheduled processing
2021-08-24 18:02:34.696  INFO 9860 --- [    Test worker] c.s.domain.posts.PostsRepositoryTest     : Started PostsRepositoryTest in 5.138 seconds (JVM running for 6.123)
Hibernate: insert into posts (created_date, modified_date, author, content, title) values (?, ?, ?, ?, ?)
Hibernate: select posts0_.id as id1_0_, posts0_.created_date as created_2_0_, posts0_.modified_date as modified3_0_, posts0_.author as author4_0_, posts0_.content as content5_0_, posts0_.title as title6_0_ from posts posts0_
Hibernate: select posts0_.id as id1_0_, posts0_.created_date as created_2_0_, posts0_.modified_date as modified3_0_, posts0_.author as author4_0_, posts0_.content as content5_0_, posts0_.title as title6_0_ from posts posts0_
Hibernate: delete from posts where id=?
Hibernate: insert into posts (created_date, modified_date, author, content, title) values (?, ?, ?, ?, ?)
Hibernate: select posts0_.id as id1_0_, posts0_.created_date as created_2_0_, posts0_.modified_date as modified3_0_, posts0_.author as author4_0_, posts0_.content as content5_0_, posts0_.title as title6_0_ from posts posts0_
>>>>>>>>> createDate=2021-08-24T18:02:34.941, modifiedDate=2021-08-24T18:02:34.941
Hibernate: select posts0_.id as id1_0_, posts0_.created_date as created_2_0_, posts0_.modified_date as modified3_0_, posts0_.author as author4_0_, posts0_.content as content5_0_, posts0_.title as title6_0_ from posts posts0_
Hibernate: delete from posts where id=?
]]></system-out>
  <system-err><![CDATA[]]></system-err>
</testsuite>
